Navigated to http://localhost:8081/
log.js?1afd:24 [HMR] Waiting for update signal from WDS...
runtime-core.esm-bundler.js?5c40:38 [Vue warn]: The `isCustomElement` config option is deprecated. Use `compilerOptions.isCustomElement` instead.
warn @ runtime-core.esm-bundler.js?5c40:38
set @ runtime-dom.esm-bundler.js?830f:1329
eval @ main.js?56d7:11
./src/main.js @ app.js:1899
__webpack_require__ @ app.js:854
fn @ app.js:151
1 @ app.js:2020
__webpack_require__ @ app.js:854
checkDeferredModules @ app.js:46
(anonymous) @ app.js:994
(anonymous) @ app.js:997
dash.js?ea76:71 undefined
dash.js?ea76:40 Got
dash.js?ea76:77 start
dash.js?ea76:44 metricAdded [{…}]
dash.js?ea76:44 metricChanged [{…}]
dash.js?ea76:44 metricsChanged [{…}]
dash.js?ea76:44 manifestLoaded [{…}]
dash.js?ea76:51 MANIFEST_LOADED {ProgramInformation: "\n\t", ProgramInformation_asArray: Array(1), ServiceDescription: {…}, ServiceDescription_asArray: Array(1), Period: {…}, …}
dash.js?ea76:83 setInfo null
dash.js?ea76:44 conformanceViolation [{…}]
AudioPlayerSineWave.vue?74de:50 line rgb(127 132 47)
AudioPlayerSineWave.vue?74de:50 line rgb(225 166 159)
AudioPlayerSineWave.vue?74de:50 line rgb(75 60 83)
AudioPlayerSineWave.vue?74de:50 line rgb(192 64 64)
AudioPlayerSineWave.vue?74de:50 line rgb(211 102 70)
AudioPlayerSineWave.vue?74de:50 line rgb(156 162 194)
AudioPlayerSineWave.vue?74de:50 line rgb(139 180 201)
AudioPlayerSineWave.vue?74de:50 line rgb(219 213 52)
dash.js?ea76:44 public_protectioncreated [{…}]
dash.js?ea76:44 metricUpdated [{…}]
dash.js?ea76:44 streamUpdated [{…}]
dash.js?ea76:44 periodSwitchStarted [{…}]
dash.js?ea76:44 streamInitializing [{…}]
dash.js?ea76:44 streamInitialized [{…}]
dash.js?ea76:44 playbackSeeking [{…}]
dash.js?ea76:44 periodSwitchCompleted [{…}]
dash.js?ea76:44 playbackStarted [{…}]
dash.js?ea76:44 playbackWaiting [{…}]
dash.js?ea76:44 fragmentLoadingStarted [{…}]
dash.js?ea76:44 fragmentLoadingCompleted [{…}]
dash.js?ea76:44 playbackMetaDataLoaded [{…}]
dash.js?ea76:44 playbackProgress [{…}]
dash.js?ea76:44 playbackTimeUpdated [{…}]
dash.js?ea76:44 trackChangeRendered [{…}]
dash.js?ea76:44 qualityChangeRendered [{…}]
dash.js?ea76:44 playbackSeeked [{…}]
dash.js?ea76:44 canPlay [{…}]
dash.js?ea76:44 playbackPlaying [{…}]
dash.js?ea76:44 bufferStateChanged [{…}]
dash.js?ea76:44 bufferLoaded [{…}]
dash.js?ea76:51 MANIFEST_LOADED {ProgramInformation: "\n\t", ProgramInformation_asArray: Array(1), ServiceDescription: {…}, ServiceDescription_asArray: Array(1), Period: {…}, …}
dash.js?ea76:83 setInfo {initialize: ƒ, getStreamId: ƒ, activate: ƒ, deactivate: ƒ, isActive: ƒ, …}
audio.js?64de:14 setGain
dash.js?ea76:51 MANIFEST_LOADED {ProgramInformation: "\n\t", ProgramInformation_asArray: Array(1), ServiceDescription: {…}, ServiceDescription_asArray: Array(1), Period: {…}, …}
dash.js?ea76:83 setInfo {initialize: ƒ, getStreamId: ƒ, activate: ƒ, deactivate: ƒ, isActive: ƒ, …}
dash.js?ea76:51 MANIFEST_LOADED {ProgramInformation: "\n\t", ProgramInformation_asArray: Array(1), ServiceDescription: {…}, ServiceDescription_asArray: Array(1), Period: {…}, …}
dash.js?ea76:83 setInfo {initialize: ƒ, getStreamId: ƒ, activate: ƒ, deactivate: ƒ, isActive: ƒ, …}
dash.js?ea76:51 MANIFEST_LOADED {ProgramInformation: "\n\t", ProgramInformation_asArray: Array(1), ServiceDescription: {…}, ServiceDescription_asArray: Array(1), Period: {…}, …}
dash.js?ea76:83 setInfo {initialize: ƒ, getStreamId: ƒ, activate: ƒ, deactivate: ƒ, isActive: ƒ, …}
dash.js?ea76:51 MANIFEST_LOADED {ProgramInformation: "\n\t", ProgramInformation_asArray: Array(1), ServiceDescription: {…}, ServiceDescription_asArray: Array(1), Period: {…}, …}
dash.js?ea76:83 setInfo {initialize: ƒ, getStreamId: ƒ, activate: ƒ, deactivate: ƒ, isActive: ƒ, …}
dash.js?ea76:51 MANIFEST_LOADED {ProgramInformation: "\n\t", ProgramInformation_asArray: Array(1), ServiceDescription: {…}, ServiceDescription_asArray: Array(1), Period: {…}, …}
dash.js?ea76:83 setInfo {initialize: ƒ, getStreamId: ƒ, activate: ƒ, deactivate: ƒ, isActive: ƒ, …}
dash.js?ea76:51 MANIFEST_LOADED {ProgramInformation: "\n\t", ProgramInformation_asArray: Array(1), ServiceDescription: {…}, ServiceDescription_asArray: Array(1), Period: {…}, …}
dash.js?ea76:83 setInfo {initialize: ƒ, getStreamId: ƒ, activate: ƒ, deactivate: ƒ, isActive: ƒ, …}
dash.js?ea76:51 MANIFEST_LOADED {ProgramInformation: "\n\t", ProgramInformation_asArray: Array(1), ServiceDescription: {…}, ServiceDescription_asArray: Array(1), Period: {…}, …}
dash.js?ea76:83 setInfo {initialize: ƒ, getStreamId: ƒ, activate: ƒ, deactivate: ƒ, isActive: ƒ, …}
